<?xml version="1.0" encoding="UTF-8"?>
<!-- Generated by org.testng.reporters.JUnitReportReporter -->
<testsuite hostname="Apurwas-MacBook-Pro.local" failures="0" tests="3" name="testcases.LoginTest" time="66.581" errors="0" timestamp="2021-06-10T17:52:08 IST" skipped="0">
  <testcase classname="testcases.LoginTest" name="loginFailure" time="14.044"/>
  <system-out/>
  <testcase classname="testcases.LoginTest" name="logoutSuccess" time="33.562"/>
  <system-out/>
  <testcase classname="testcases.LoginTest" name="loginSuccess" time="18.975"/>
  <system-out/>
</testsuite> <!-- testcases.LoginTest -->
