<?xml version="1.0" encoding="UTF-8"?>
<!-- Generated by org.testng.reporters.JUnitReportReporter -->
<testsuite hostname="Apurwas-MacBook-Pro.local" failures="0" tests="3" name="testcases.spaceXAPITest" time="4.259" errors="0" timestamp="2021-06-10T17:33:46 IST" skipped="0">
  <testcase classname="testcases.spaceXAPITest" name="getSpaceVAPI" time="1.910"/>
  <testcase classname="testcases.spaceXAPITest" name="getSpaceVAPIStatusLine" time="1.132"/>
  <testcase classname="testcases.spaceXAPITest" name="getSpaceVAPINegative" time="1.217"/>
</testsuite> <!-- testcases.spaceXAPITest -->
