<?xml version="1.0" encoding="UTF-8"?>
<!-- Generated by org.testng.reporters.JUnitReportReporter -->
<testsuite hostname="Apurwas-MacBook-Pro.local" failures="0" tests="1" name="testcases.SearchItemTest" time="28.075" errors="0" timestamp="2021-06-10T17:52:08 IST" skipped="0">
  <testcase classname="testcases.SearchItemTest" name="addCart" time="28.075"/>
  <system-out/>
</testsuite> <!-- testcases.SearchItemTest -->
